
> imozen-app@0.1.0 typecheck
> tsc --noEmit

src/app/leads/new/page.tsx(264,13): error TS2345: Argument of type '{ lead_id: string; name: string; temperature: "Warm"; stage: "New Lead"; lead_stage: "New Lead"; lead_type: "Buyer" | "Seller"; next_follow_up: { status: string; date: null; }; contact: { phone: string; email: string | undefined; }; }' is not assignable to parameter of type 'Lead'.
  The types of 'next_follow_up.date' are incompatible between these types.
    Type 'null' is not assignable to type 'string | undefined'.
src/app/leads/new/page.tsx(356,43): error TS2345: Argument of type '{ success: boolean; counts: { all: number; new_this_week: number; hot: number; }; conversion_rate: number; }' is not assignable to parameter of type 'DashboardStats'.
  Types of property 'counts' are incompatible.
    Type '{ all: number; new_this_week: number; hot: number; }' is missing the following properties from type '{ all: number; new_this_week: number; hot: number; warm: number; cold: number; qualified: number; viewing_scheduled: number; converted: number; leads_for_followup: number; }': warm, cold, qualified, viewing_scheduled, and 2 more.
src/app/leads/page.tsx(42,18): error TS2305: Module '"date-fns"' has no exported member 'isValid'.
src/app/notifications/page.tsx(8,10): error TS2305: Module '"date-fns/locale"' has no exported member 'ptBR'.
src/app/notifications/page.tsx(427,18): error TS2339: Property 'language' does not exist on type '{ login: { adminTitle: string; agentTitle: string; description: string; username: string; usernamePlaceholder: string; password: string; passwordPlaceholder: string; showPassword: string; hidePassword: string; ... 5 more ...; messages: { ...; }; }; ... 10 more ...; notifications: { ...; }; }'.
src/app/notifications/page.tsx(428,11): error TS2339: Property 'language' does not exist on type '{ login: { adminTitle: string; agentTitle: string; description: string; username: string; usernamePlaceholder: string; password: string; passwordPlaceholder: string; showPassword: string; hidePassword: string; ... 5 more ...; messages: { ...; }; }; ... 10 more ...; notifications: { ...; }; }'.
src/app/notifications/page.tsx(447,61): error TS2353: Object literal may only specify known properties, and 'locale' does not exist in type 'FormatDistanceOptions'.
src/app/notifications/page.tsx(463,48): error TS2345: Argument of type 'number' is not assignable to parameter of type 'string'.
src/app/tasks/page.tsx(8,18): error TS2305: Module '"date-fns"' has no exported member 'isToday'.
src/app/tasks/page.tsx(8,27): error TS2305: Module '"date-fns"' has no exported member 'isTomorrow'.
src/app/tasks/page.tsx(8,39): error TS2305: Module '"date-fns"' has no exported member 'isValid'.
src/app/tasks/page.tsx(8,56): error TS2305: Module '"date-fns"' has no exported member 'startOfDay'.
src/app/tasks/page.tsx(9,10): error TS2305: Module '"date-fns/locale"' has no exported member 'ptBR'.
src/components/dashboard/cancel-task-dialog.tsx(7,10): error TS2305: Module '"date-fns/locale"' has no exported member 'ptBR'.
src/components/dashboard/reschedule-modal.tsx(6,10): error TS2305: Module '"date-fns/locale"' has no exported member 'ptBR'.
src/components/dashboard/task-card.tsx(41,10): error TS2305: Module '"date-fns"' has no exported member 'startOfDay'.
src/components/dashboard/task-card.tsx(144,7): error TS2322: Type 'string' is not assignable to type '"Hot" | "Warm" | "Cold"'.
src/components/dashboard/task-card.tsx(151,7): error TS2322: Type 'string' is not assignable to type '"Hot" | "Warm" | "Cold"'.
src/components/dashboard/task-card.tsx(495,46): error TS2741: Property 'timestamp' is missing in type '{ id: string; type: string; title: string; message: string; priority: string; read: boolean; lead_id: string; action_type: undefined; action_target: undefined; metadata: { taskId: string; leadId: string; ... 4 more ...; agent_name: string; }; }' but required in type 'Notification'.
src/components/dashboard/task-card.tsx(827,17): error TS2353: Object literal may only specify known properties, and 'newDate' does not exist in type '{ taskId?: string | undefined; note?: string | undefined; nextFollowUpDate?: Date | undefined; agentName?: string | undefined; }'.
src/components/dashboard/task-card.tsx(943,46): error TS2741: Property 'timestamp' is missing in type '{ id: string; type: string; title: string; message: string; priority: string; read: boolean; lead_id: string; action_type: undefined; action_target: undefined; metadata: { taskId: string; leadId: string; operation: string; note: string; nextFollowUpDate: string | undefined; agent_name: string; }; }' but required in type 'Notification'.
src/components/dashboard/task-card.tsx(998,9): error TS2322: Type 'null' is not assignable to type 'any[]'.
src/components/dashboard/task-card.tsx(1013,66): error TS2339: Property 'processedCount' does not exist on type 'WebhookNoteProcessorResult'.
src/components/dashboard/task-card.tsx(1016,73): error TS2339: Property 'processedCount' does not exist on type 'WebhookNoteProcessorResult'.
src/components/dashboard/task-card.tsx(1151,46): error TS2741: Property 'timestamp' is missing in type '{ id: string; type: string; title: string; message: string; priority: string; read: boolean; lead_id: any; action_type: string; action_target: string; action_data: { leadId: any; followUpDate: any; taskId: string; agentName: string; }; }' but required in type 'Notification'.
src/components/dashboard/task-card.tsx(1177,46): error TS2741: Property 'timestamp' is missing in type '{ id: string; type: string; title: string; message: any; priority: string; read: boolean; lead_id: string; action_type: undefined; action_target: undefined; action_data: undefined; metadata: { agentName: string; cancelledAt: string; responseData: any; }; }' but required in type 'Notification'.
src/components/dashboard/task-card.tsx(1210,46): error TS2741: Property 'timestamp' is missing in type '{ id: string; type: string; title: string; message: any; priority: string; read: boolean; lead_id: string; action_type: string; action_target: string; action_data: { taskId: string; leadId: string; operation: string; note: any; agentName: string; error: any; timestamp: number; }; }' but required in type 'Notification'.
src/components/dashboard/task-card.tsx(1316,17): error TS2322: Type 'string | null' is not assignable to type 'string | undefined'.
  Type 'null' is not assignable to type 'string | undefined'.
src/components/dashboard/task-card.tsx(1373,55): error TS2552: Cannot find name 'notificationId'. Did you mean 'Notification'?
src/components/dashboard/task-card.tsx(1402,46): error TS2741: Property 'timestamp' is missing in type '{ id: string; type: string; title: string; message: string; priority: string; read: boolean; lead_id: string; action_type: undefined; action_target: undefined; action_data: undefined; metadata: { ...; }; }' but required in type 'Notification'.
src/components/dashboard/task-card.tsx(1431,46): error TS2741: Property 'timestamp' is missing in type '{ id: string; type: string; title: string; message: string; priority: string; read: boolean; lead_id: string; action_type: string; action_target: string; action_data: { taskId: string; leadId: string; ... 4 more ...; timestamp: number; }; }' but required in type 'Notification'.
src/components/dashboard/task-card.tsx(1500,60): error TS2345: Argument of type '{ id: string; lead_id: string; follow_up_date: string; }' is not assignable to parameter of type 'string'.
src/components/dashboard/task-card.tsx(1553,15): error TS2322: Type 'string | undefined' is not assignable to type 'Date | undefined'.
  Type 'string' is not assignable to type 'Date'.
src/components/dashboard/task-card.tsx(1581,13): error TS2353: Object literal may only specify known properties, and 'color' does not exist in type '{ status: string; date?: string | undefined; }'.
src/components/dashboard/task-card.tsx(1589,13): error TS2322: Type 'null' is not assignable to type 'string | undefined'.
src/components/debug/TranslationDebug.tsx(57,15): error TS7053: Element implicitly has an 'any' type because expression of type 'string' can't be used to index type '{ lead_created: string; lead_updated: string; lead_image_uploaded: string; lead_image_deleted: string; lead_deleted: string; priority_changed: string; stage_changed: string; follow_up_scheduled: string; ... 21 more ...; deal_lost: string; }'.
  No index signature with a parameter of type 'string' was found on type '{ lead_created: string; lead_updated: string; lead_image_uploaded: string; lead_image_deleted: string; lead_deleted: string; priority_changed: string; stage_changed: string; follow_up_scheduled: string; ... 21 more ...; deal_lost: string; }'.
src/components/debug/TranslationDebug.tsx(58,16): error TS7053: Element implicitly has an 'any' type because expression of type 'string' can't be used to index type '{ lead_created: string; lead_updated: string; lead_image_uploaded: string; lead_image_deleted: string; lead_deleted: string; priority_changed: string; stage_changed: string; follow_up_scheduled: string; ... 21 more ...; deal_lost: string; }'.
  No index signature with a parameter of type 'string' was found on type '{ lead_created: string; lead_updated: string; lead_image_uploaded: string; lead_image_deleted: string; lead_deleted: string; priority_changed: string; stage_changed: string; follow_up_scheduled: string; ... 21 more ...; deal_lost: string; }'.
src/components/debug/TranslationDebug.tsx(66,15): error TS7053: Element implicitly has an 'any' type because expression of type 'string' can't be used to index type '{ title: string; addNewLead: string; searchLeads: string; sortAndFilter: string; sortOrder: string; ascending: string; descending: string; sortBy: string; sortByName: string; sortByCreated: string; ... 87 more ...; scheduleFollowUpDialog: { ...; }; }'.
  No index signature with a parameter of type 'string' was found on type '{ title: string; addNewLead: string; searchLeads: string; sortAndFilter: string; sortOrder: string; ascending: string; descending: string; sortBy: string; sortByName: string; sortByCreated: string; ... 87 more ...; scheduleFollowUpDialog: { ...; }; }'.
src/components/debug/TranslationDebug.tsx(67,16): error TS7053: Element implicitly has an 'any' type because expression of type 'string' can't be used to index type '{ title: string; addNewLead: string; searchLeads: string; sortAndFilter: string; sortOrder: string; ascending: string; descending: string; sortBy: string; sortByName: string; sortByCreated: string; ... 87 more ...; scheduleFollowUpDialog: { ...; }; }'.
  No index signature with a parameter of type 'string' was found on type '{ title: string; addNewLead: string; searchLeads: string; sortAndFilter: string; sortOrder: string; ascending: string; descending: string; sortBy: string; sortByName: string; sortByCreated: string; ... 87 more ...; scheduleFollowUpDialog: { ...; }; }'.
src/components/debug/TranslationDebug.tsx(75,15): error TS7053: Element implicitly has an 'any' type because expression of type 'string' can't be used to index type '{ newLead: string; contacted: string; qualified: string; viewingScheduled: string; propertyViewed: string; offerMade: string; negotiation: string; underContract: string; converted: string; lost: string; notInterested: string; }'.
  No index signature with a parameter of type 'string' was found on type '{ newLead: string; contacted: string; qualified: string; viewingScheduled: string; propertyViewed: string; offerMade: string; negotiation: string; underContract: string; converted: string; lost: string; notInterested: string; }'.
src/components/debug/TranslationDebug.tsx(76,16): error TS7053: Element implicitly has an 'any' type because expression of type 'string' can't be used to index type '{ newLead: string; contacted: string; qualified: string; viewingScheduled: string; propertyViewed: string; offerMade: string; negotiation: string; underContract: string; converted: string; lost: string; notInterested: string; }'.
  No index signature with a parameter of type 'string' was found on type '{ newLead: string; contacted: string; qualified: string; viewingScheduled: string; propertyViewed: string; offerMade: string; negotiation: string; underContract: string; converted: string; lost: string; notInterested: string; }'.
src/components/debug/TranslationDebug.tsx(93,16): error TS7053: Element implicitly has an 'any' type because expression of type 'string' can't be used to index type '{ lead_created: string; lead_updated: string; lead_image_uploaded: string; lead_image_deleted: string; lead_deleted: string; priority_changed: string; stage_changed: string; follow_up_scheduled: string; ... 21 more ...; deal_lost: string; }'.
  No index signature with a parameter of type 'string' was found on type '{ lead_created: string; lead_updated: string; lead_image_uploaded: string; lead_image_deleted: string; lead_deleted: string; priority_changed: string; stage_changed: string; follow_up_scheduled: string; ... 21 more ...; deal_lost: string; }'.
src/components/leads/communication-history-timeline.tsx(5,10): error TS2305: Module '"date-fns/locale"' has no exported member 'pt'.
src/components/leads/lead-follow-up-sheet.tsx(38,42): error TS2339: Property 'ai_generated_message' does not exist on type '{ source: string; initial_message: string; agent_notes: string; follow_up_task: string; lead_score: number; ai_message: string; }'.
src/components/leads/schedule-follow-up-dialog.tsx(220,37): error TS2304: Cannot find name 'operationId'.
src/components/leads/schedule-follow-up-dialog.tsx(397,45): error TS2345: Argument of type '(Notification | { id: string; type: string; title: string; message: string; priority: string; read: boolean; lead_id: string; action_type: string; action_target: string; action_data: { ...; }; ... 4 more ...; metadata?: any; })[]' is not assignable to parameter of type 'Notification[]'.
  Type 'Notification | { id: string; type: string; title: string; message: string; priority: string; read: boolean; lead_id: string; action_type: string; action_target: string; action_data: { ...; }; ... 4 more ...; metadata?: any; }' is not assignable to type 'Notification'.
    Type '{ id: string; type: string; title: string; message: string; priority: string; read: boolean; lead_id: string; action_type: string; action_target: string; action_data: { leadId: string; followUpDate: string; taskId: string; leadName: string; }; ... 4 more ...; metadata?: any; }' is not assignable to type 'Notification'.
      Types of property 'priority' are incompatible.
        Type 'string' is not assignable to type '"high" | "low" | "medium"'.
src/components/leads/schedule-follow-up-dialog.tsx(429,45): error TS2345: Argument of type '(Notification | { id: string; type: string; title: string; message: string; priority: string; read: boolean; lead_id: string; action_type: string; action_data: any; action_target: string; ... 4 more ...; metadata?: any; })[]' is not assignable to parameter of type 'Notification[]'.
  Type 'Notification | { id: string; type: string; title: string; message: string; priority: string; read: boolean; lead_id: string; action_type: string; action_data: any; action_target: string; ... 4 more ...; metadata?: any; }' is not assignable to type 'Notification'.
    Type '{ id: string; type: string; title: string; message: string; priority: string; read: boolean; lead_id: string; action_type: string; action_data: any; action_target: string; timestamp: number; task_id?: string; icon?: string; color?: string; metadata?: any; }' is not assignable to type 'Notification'.
      Types of property 'priority' are incompatible.
        Type 'string' is not assignable to type '"high" | "low" | "medium"'.
src/components/providers/TranslationProvider.tsx(25,23): error TS7017: Element implicitly has an 'any' type because type 'typeof globalThis' has no index signature.
src/lib/cached-api.ts(99,53): error TS2367: This comparison appears to be unintentional because the types '"get_dashboard" | "get_tasks" | "get_all_leads" | "delete_lead_image" | "get_notes"' and '"upload_lead_profile_image"' have no overlap.
src/lib/communication-history-utils.ts(4,10): error TS2305: Module '"date-fns/locale"' has no exported member 'ptBR'.
src/lib/communication-history-utils.ts(637,47): error TS2304: Cannot find name 'enUS'.
src/lib/communication-history-utils.ts(650,47): error TS2304: Cannot find name 'enUS'.
src/lib/lead-normalization.ts(99,5): error TS2353: Object literal may only specify known properties, and 'property' does not exist in type 'Lead'.
src/lib/lead-normalization.ts(154,7): error TS2353: Object literal may only specify known properties, and 'language' does not exist in type '{ phone: string; email?: string | undefined; }'.
src/lib/task-utils.ts(5,18): error TS2305: Module '"date-fns"' has no exported member 'parse'.
src/locales/en.ts(554,5): error TS2739: Type '{ firstName: string; lastName: string; phoneNumber: string; email: string; selectLanguage: string; selectSource: string; initialMessage: string; selectPropertyType: string; selectPurpose: string; ... 7 more ...; selectTimeframe: string; }' is missing the following properties from type '{ firstName: string; lastName: string; phoneNumber: string; email: string; selectLanguage: string; selectSource: string; initialMessage: string; selectPropertyType: string; selectPurpose: string; ... 9 more ...; noteExample: string; }': enterBudget, noteExample
src/locales/en.ts(573,5): error TS2741: Property 'bedroomsNegative' is missing in type '{ firstNameRequired: string; lastNameRequired: string; phoneRequired: string; phoneNumberRequired: string; countryCodeRequired: string; invalidEmail: string; }' but required in type '{ firstNameRequired: string; lastNameRequired: string; phoneRequired: string; phoneNumberRequired: string; countryCodeRequired: string; invalidEmail: string; bedroomsNegative: string; }'.
src/locales/en.ts(589,5): error TS1117: An object literal cannot have multiple properties with the same name.
src/locales/en.ts(589,5): error TS2740: Type '{ firstName: string; lastName: string; phoneNumber: string; email: string; selectLanguage: string; selectSource: string; enterBudget: string; noteExample: string; }' is missing the following properties from type '{ firstName: string; lastName: string; phoneNumber: string; email: string; selectLanguage: string; selectSource: string; initialMessage: string; selectPropertyType: string; selectPurpose: string; ... 9 more ...; noteExample: string; }': initialMessage, selectPropertyType, selectPurpose, minBudget, and 7 more.
src/locales/en.ts(701,3): error TS2740: Type '{ tapToRetry: string; tapToView: string; noNotificationsTitle: string; noNotificationsDescription: string; followUpCompleted: string; followUpCompletedDescription: string; followUpCompletionFailed: string; followUpCompletionFailedDescription: string; retryFollowUpCompletion: string; }' is missing the following properties from type '{ tapToRetry: string; tapToView: string; noNotificationsTitle: string; noNotificationsDescription: string; followUpCancelled: string; followUpRescheduled: string; cancellationFailed: string; ... 14 more ...; retryFollowUpCompletion: string; }': followUpCancelled, followUpRescheduled, cancellationFailed, tapToRetryCancellation, and 9 more.
src/locales/pt.ts(654,5): error TS1117: An object literal cannot have multiple properties with the same name.
